<?xml version="1.0" encoding="UTF-8"?>
<!-- Generated by org.testng.reporters.JUnitXMLReporter -->
<testsuite hostname="LAPTOP-2MKHJJ9O" name="Default test" tests="3" failures="0" timestamp="29 Jun 2021 11:53:47 GMT" time="44.448" errors="0">
  <testcase name="AcceptTermsAndCondi" time="3.6" classname="com.flipkart.qa.testcases.PaymentPageTest"/>
  <testcase name="confirmOrder" time="1.588" classname="com.flipkart.qa.testcases.PaymentPageTest"/>
  <testcase name="verifyTitle" time="0.009" classname="com.flipkart.qa.testcases.PaymentPageTest"/>
</testsuite> <!-- Default test -->
