<?xml version="1.0" encoding="UTF-8"?>
<!-- Generated by org.testng.reporters.JUnitXMLReporter -->
<testsuite hostname="LAPTOP-2MKHJJ9O" name="Command line test" tests="5" failures="0" timestamp="25 Jun 2021 06:01:46 GMT" time="60.072" errors="0">
  <testcase name="searchItem" time="2.814" classname="com.flipkart.qa.testcases.HomePageTest"/>
  <testcase name="testMyname" time="6.367" classname="com.flipkart.qa.testcases.HomePageTest"/>
  <testcase name="verifyHomepageTitle" time="0.011" classname="com.flipkart.qa.testcases.HomePageTest"/>
  <testcase name="loginPageTitleTest" time="0.017" classname="com.flipkart.qa.testcases.LoginPageTest"/>
  <testcase name="loginTest" time="0.612" classname="com.flipkart.qa.testcases.LoginPageTest"/>
</testsuite> <!-- Command line test -->
