<?xml version="1.0" encoding="UTF-8"?>
<!-- Generated by org.testng.reporters.JUnitXMLReporter -->
<testsuite hostname="LAPTOP-2MKHJJ9O" name="Command line test" tests="9" failures="0" timestamp="29 Jun 2021 11:30:54 GMT" time="92.22" errors="0">
  <testcase name="enterCardDetails" time="2.224" classname="com.flipkart.qa.testcases.FInalPaymentPageTest"/>
  <testcase name="searchItem" time="0.157" classname="com.flipkart.qa.testcases.HomePageTest"/>
  <testcase name="testMyname" time="2.359" classname="com.flipkart.qa.testcases.HomePageTest"/>
  <testcase name="verifyHomepageTitle" time="0.007" classname="com.flipkart.qa.testcases.HomePageTest"/>
  <testcase name="AcceptTermsAndCondi" time="3.782" classname="com.flipkart.qa.testcases.PaymentPageTest"/>
  <testcase name="confirmOrder" time="2.0" classname="com.flipkart.qa.testcases.PaymentPageTest"/>
  <testcase name="verifyTitle" time="0.015" classname="com.flipkart.qa.testcases.PaymentPageTest"/>
  <testcase name="loginPageTitleTest" time="0.004" classname="com.flipkart.qa.testcases.LoginPageTest"/>
  <testcase name="loginTest" time="0.775" classname="com.flipkart.qa.testcases.LoginPageTest"/>
</testsuite> <!-- Command line test -->
