<?xml version="1.0" encoding="UTF-8"?>
<testng-results skipped="0" failed="0" total="5" passed="5">
  <reporter-output>
  </reporter-output>
  <suite name="Command line suite" duration-ms="60072" started-at="2021-06-25T06:00:46Z" finished-at="2021-06-25T06:01:46Z">
    <groups>
    </groups>
    <test name="Command line test" duration-ms="60072" started-at="2021-06-25T06:00:46Z" finished-at="2021-06-25T06:01:46Z">
      <class name="com.flipkart.qa.testcases.LoginPageTest">
        <test-method status="PASS" signature="setup()[pri:0, instance:com.flipkart.qa.testcases.LoginPageTest@668bc3d5]" name="setup" is-config="true" duration-ms="8989" started-at="2021-06-25T11:31:27Z" finished-at="2021-06-25T11:31:36Z">
          <reporter-output>
          </reporter-output>
        </test-method> <!-- setup -->
        <test-method status="PASS" signature="loginPageTitleTest()[pri:0, instance:com.flipkart.qa.testcases.LoginPageTest@668bc3d5]" name="loginPageTitleTest" duration-ms="17" started-at="2021-06-25T11:31:36Z" finished-at="2021-06-25T11:31:36Z">
          <reporter-output>
          </reporter-output>
        </test-method> <!-- loginPageTitleTest -->
        <test-method status="PASS" signature="tearDown()[pri:0, instance:com.flipkart.qa.testcases.LoginPageTest@668bc3d5]" name="tearDown" is-config="true" duration-ms="733" started-at="2021-06-25T11:31:36Z" finished-at="2021-06-25T11:31:37Z">
          <reporter-output>
          </reporter-output>
        </test-method> <!-- tearDown -->
        <test-method status="PASS" signature="setup()[pri:0, instance:com.flipkart.qa.testcases.LoginPageTest@668bc3d5]" name="setup" is-config="true" duration-ms="8077" started-at="2021-06-25T11:31:37Z" finished-at="2021-06-25T11:31:45Z">
          <reporter-output>
          </reporter-output>
        </test-method> <!-- setup -->
        <test-method status="PASS" signature="loginTest()[pri:0, instance:com.flipkart.qa.testcases.LoginPageTest@668bc3d5]" name="loginTest" duration-ms="612" started-at="2021-06-25T11:31:45Z" finished-at="2021-06-25T11:31:45Z">
          <reporter-output>
          </reporter-output>
        </test-method> <!-- loginTest -->
        <test-method status="PASS" signature="tearDown()[pri:0, instance:com.flipkart.qa.testcases.LoginPageTest@668bc3d5]" name="tearDown" is-config="true" duration-ms="714" started-at="2021-06-25T11:31:45Z" finished-at="2021-06-25T11:31:46Z">
          <reporter-output>
          </reporter-output>
        </test-method> <!-- tearDown -->
      </class> <!-- com.flipkart.qa.testcases.LoginPageTest -->
      <class name="com.flipkart.qa.testcases.HomePageTest">
        <test-method status="PASS" signature="setup()[pri:0, instance:com.flipkart.qa.testcases.HomePageTest@2f7a2457]" name="setup" is-config="true" duration-ms="8042" started-at="2021-06-25T11:30:46Z" finished-at="2021-06-25T11:30:54Z">
          <reporter-output>
          </reporter-output>
        </test-method> <!-- setup -->
        <test-method status="PASS" signature="searchItem()[pri:0, instance:com.flipkart.qa.testcases.HomePageTest@2f7a2457]" name="searchItem" duration-ms="2814" started-at="2021-06-25T11:30:54Z" finished-at="2021-06-25T11:30:57Z">
          <reporter-output>
          </reporter-output>
        </test-method> <!-- searchItem -->
        <test-method status="PASS" signature="teardown()[pri:0, instance:com.flipkart.qa.testcases.HomePageTest@2f7a2457]" name="teardown" is-config="true" duration-ms="763" started-at="2021-06-25T11:30:57Z" finished-at="2021-06-25T11:30:58Z">
          <reporter-output>
          </reporter-output>
        </test-method> <!-- teardown -->
        <test-method status="PASS" signature="setup()[pri:0, instance:com.flipkart.qa.testcases.HomePageTest@2f7a2457]" name="setup" is-config="true" duration-ms="14183" started-at="2021-06-25T11:30:58Z" finished-at="2021-06-25T11:31:12Z">
          <reporter-output>
          </reporter-output>
        </test-method> <!-- setup -->
        <test-method status="PASS" signature="testMyname()[pri:0, instance:com.flipkart.qa.testcases.HomePageTest@2f7a2457]" name="testMyname" duration-ms="6367" started-at="2021-06-25T11:31:12Z" finished-at="2021-06-25T11:31:18Z">
          <reporter-output>
          </reporter-output>
        </test-method> <!-- testMyname -->
        <test-method status="PASS" signature="teardown()[pri:0, instance:com.flipkart.qa.testcases.HomePageTest@2f7a2457]" name="teardown" is-config="true" duration-ms="790" started-at="2021-06-25T11:31:18Z" finished-at="2021-06-25T11:31:19Z">
          <reporter-output>
          </reporter-output>
        </test-method> <!-- teardown -->
        <test-method status="PASS" signature="setup()[pri:0, instance:com.flipkart.qa.testcases.HomePageTest@2f7a2457]" name="setup" is-config="true" duration-ms="7281" started-at="2021-06-25T11:31:19Z" finished-at="2021-06-25T11:31:26Z">
          <reporter-output>
          </reporter-output>
        </test-method> <!-- setup -->
        <test-method status="PASS" signature="verifyHomepageTitle()[pri:0, instance:com.flipkart.qa.testcases.HomePageTest@2f7a2457]" name="verifyHomepageTitle" duration-ms="11" started-at="2021-06-25T11:31:26Z" finished-at="2021-06-25T11:31:26Z">
          <reporter-output>
          </reporter-output>
        </test-method> <!-- verifyHomepageTitle -->
        <test-method status="PASS" signature="teardown()[pri:0, instance:com.flipkart.qa.testcases.HomePageTest@2f7a2457]" name="teardown" is-config="true" duration-ms="665" started-at="2021-06-25T11:31:26Z" finished-at="2021-06-25T11:31:27Z">
          <reporter-output>
          </reporter-output>
        </test-method> <!-- teardown -->
      </class> <!-- com.flipkart.qa.testcases.HomePageTest -->
    </test> <!-- Command line test -->
  </suite> <!-- Command line suite -->
</testng-results>
