<?xml version="1.0" encoding="UTF-8"?>
<testng-results skipped="0" failed="0" total="3" passed="3">
  <reporter-output>
  </reporter-output>
  <suite name="Default suite" duration-ms="44448" started-at="2021-06-29T11:53:02Z" finished-at="2021-06-29T11:53:47Z">
    <groups>
    </groups>
    <test name="Default test" duration-ms="44448" started-at="2021-06-29T11:53:02Z" finished-at="2021-06-29T11:53:47Z">
      <class name="com.flipkart.qa.testcases.PaymentPageTest">
        <test-method status="PASS" signature="setup()[pri:0, instance:com.flipkart.qa.testcases.PaymentPageTest@3f0ee7cb]" name="setup" is-config="true" duration-ms="12120" started-at="2021-06-29T17:23:02Z" finished-at="2021-06-29T17:23:14Z">
          <reporter-output>
          </reporter-output>
        </test-method> <!-- setup -->
        <test-method status="PASS" signature="AcceptTermsAndCondi()[pri:0, instance:com.flipkart.qa.testcases.PaymentPageTest@3f0ee7cb]" name="AcceptTermsAndCondi" duration-ms="3600" started-at="2021-06-29T17:23:14Z" finished-at="2021-06-29T17:23:18Z">
          <reporter-output>
          </reporter-output>
        </test-method> <!-- AcceptTermsAndCondi -->
        <test-method status="PASS" signature="tearDown()[pri:0, instance:com.flipkart.qa.testcases.PaymentPageTest@3f0ee7cb]" name="tearDown" is-config="true" duration-ms="673" started-at="2021-06-29T17:23:18Z" finished-at="2021-06-29T17:23:19Z">
          <reporter-output>
          </reporter-output>
        </test-method> <!-- tearDown -->
        <test-method status="PASS" signature="setup()[pri:0, instance:com.flipkart.qa.testcases.PaymentPageTest@3f0ee7cb]" name="setup" is-config="true" duration-ms="13554" started-at="2021-06-29T17:23:19Z" finished-at="2021-06-29T17:23:32Z">
          <reporter-output>
          </reporter-output>
        </test-method> <!-- setup -->
        <test-method status="PASS" signature="confirmOrder()[pri:0, instance:com.flipkart.qa.testcases.PaymentPageTest@3f0ee7cb]" name="confirmOrder" duration-ms="1588" started-at="2021-06-29T17:23:32Z" finished-at="2021-06-29T17:23:34Z">
          <reporter-output>
          </reporter-output>
        </test-method> <!-- confirmOrder -->
        <test-method status="PASS" signature="tearDown()[pri:0, instance:com.flipkart.qa.testcases.PaymentPageTest@3f0ee7cb]" name="tearDown" is-config="true" duration-ms="676" started-at="2021-06-29T17:23:34Z" finished-at="2021-06-29T17:23:34Z">
          <reporter-output>
          </reporter-output>
        </test-method> <!-- tearDown -->
        <test-method status="PASS" signature="setup()[pri:0, instance:com.flipkart.qa.testcases.PaymentPageTest@3f0ee7cb]" name="setup" is-config="true" duration-ms="11580" started-at="2021-06-29T17:23:34Z" finished-at="2021-06-29T17:23:46Z">
          <reporter-output>
          </reporter-output>
        </test-method> <!-- setup -->
        <test-method status="PASS" signature="verifyTitle()[pri:0, instance:com.flipkart.qa.testcases.PaymentPageTest@3f0ee7cb]" name="verifyTitle" duration-ms="9" started-at="2021-06-29T17:23:46Z" finished-at="2021-06-29T17:23:46Z">
          <reporter-output>
          </reporter-output>
        </test-method> <!-- verifyTitle -->
        <test-method status="PASS" signature="tearDown()[pri:0, instance:com.flipkart.qa.testcases.PaymentPageTest@3f0ee7cb]" name="tearDown" is-config="true" duration-ms="637" started-at="2021-06-29T17:23:46Z" finished-at="2021-06-29T17:23:47Z">
          <reporter-output>
          </reporter-output>
        </test-method> <!-- tearDown -->
      </class> <!-- com.flipkart.qa.testcases.PaymentPageTest -->
    </test> <!-- Default test -->
  </suite> <!-- Default suite -->
</testng-results>
